# JRE version: Java(TM) SE Runtime Environment (8.0_101-b13) (build 1.8.0_101-b13)
# Java VM: Java HotSpot(TM) 64-Bit Server VM (25.101-b13 mixed mode bsd-amd64 compressed oops)
Heap:
 PSYoungGen      total 39424K, used 27937K [0x0000000795580000, 0x0000000799680000, 0x00000007c0000000)
  eden space 28672K, 60% used [0x0000000795580000,0x000000079666c9b8,0x0000000797180000)
  from space 10752K, 98% used [0x0000000797200000,0x0000000797c5bb40,0x0000000797c80000)
  to   space 18944K, 0% used [0x0000000798400000,0x0000000798400000,0x0000000799680000)
 ParOldGen       total 86016K, used 61987K [0x0000000740000000, 0x0000000745400000, 0x0000000795580000)
  object space 86016K, 72% used [0x0000000740000000,0x0000000743c88d68,0x0000000745400000)
 Metaspace       used 57686K, capacity 59906K, committed 60160K, reserved 1101824K
  class space    used 7227K, capacity 7599K, committed 7680K, reserved 1048576K
GC Heap History (10 events):
Event: 1047.525 GC heap before
{Heap before GC invocations=33 (full 4):
 PSYoungGen      total 43520K, used 25485K [0x0000000795580000, 0x0000000799580000, 0x00000007c0000000)
  eden space 22528K, 100% used [0x0000000795580000,0x0000000796b80000,0x0000000796b80000)
  from space 20992K, 14% used [0x0000000798100000,0x00000007983e3448,0x0000000799580000)
  to   space 21504K, 0% used [0x0000000796b80000,0x0000000796b80000,0x0000000798080000)
 ParOldGen       total 86016K, used 49523K [0x0000000740000000, 0x0000000745400000, 0x0000000795580000)
  object space 86016K, 57% used [0x0000000740000000,0x000000074305cde8,0x0000000745400000)
 Metaspace       used 52447K, capacity 54512K, committed 54656K, reserved 1097728K
  class space    used 6624K, capacity 6969K, committed 7040K, reserved 1048576K
Event: 1047.527 GC heap after
Heap after GC invocations=33 (full 4):
 PSYoungGen      total 44032K, used 874K [0x0000000795580000, 0x0000000799c80000, 0x00000007c0000000)
  eden space 22528K, 0% used [0x0000000795580000,0x0000000795580000,0x0000000796b80000)
  from space 21504K, 4% used [0x0000000796b80000,0x0000000796c5ab48,0x0000000798080000)
  to   space 21504K, 0% used [0x0000000798780000,0x0000000798780000,0x0000000799c80000)
 ParOldGen       total 86016K, used 50479K [0x0000000740000000, 0x0000000745400000, 0x0000000795580000)
  object space 86016K, 58% used [0x0000000740000000,0x000000074314bf68,0x0000000745400000)
 Metaspace       used 52447K, capacity 54512K, committed 54656K, reserved 1097728K
  class space    used 6624K, capacity 6969K, committed 7040K, reserved 1048576K
}
Event: 1047.875 GC heap before
{Heap before GC invocations=34 (full 4):
 PSYoungGen      total 44032K, used 23402K [0x0000000795580000, 0x0000000799c80000, 0x00000007c0000000)
  eden space 22528K, 100% used [0x0000000795580000,0x0000000796b80000,0x0000000796b80000)
  from space 21504K, 4% used [0x0000000796b80000,0x0000000796c5ab48,0x0000000798080000)
  to   space 21504K, 0% used [0x0000000798780000,0x0000000798780000,0x0000000799c80000)
 ParOldGen       total 86016K, used 50479K [0x0000000740000000, 0x0000000745400000, 0x0000000795580000)
  object space 86016K, 58% used [0x0000000740000000,0x000000074314bf68,0x0000000745400000)
 Metaspace       used 55457K, capacity 57602K, committed 57728K, reserved 1099776K
  class space    used 6914K, capacity 7272K, committed 7296K, reserved 1048576K
Event: 1047.882 GC heap after
Heap after GC invocations=34 (full 4):
 PSYoungGen      total 50176K, used 4243K [0x0000000795580000, 0x0000000799b80000, 0x00000007c0000000)
  eden space 29696K, 0% used [0x0000000795580000,0x0000000795580000,0x0000000797280000)
  from space 20480K, 20% used [0x0000000798780000,0x0000000798ba4f00,0x0000000799b80000)
  to   space 20992K, 0% used [0x0000000797280000,0x0000000797280000,0x0000000798700000)
 ParOldGen       total 86016K, used 50887K [0x0000000740000000, 0x0000000745400000, 0x0000000795580000)
  object space 86016K, 59% used [0x0000000740000000,0x00000007431b1f78,0x0000000745400000)
 Metaspace       used 55457K, capacity 57602K, committed 57728K, reserved 1099776K
  class space    used 6914K, capacity 7272K, committed 7296K, reserved 1048576K
}
Event: 1054.615 GC heap before
{Heap before GC invocations=35 (full 4):
 PSYoungGen      total 50176K, used 33939K [0x0000000795580000, 0x0000000799b80000, 0x00000007c0000000)
  eden space 29696K, 100% used [0x0000000795580000,0x0000000797280000,0x0000000797280000)
  from space 20480K, 20% used [0x0000000798780000,0x0000000798ba4f00,0x0000000799b80000)
  to   space 20992K, 0% used [0x0000000797280000,0x0000000797280000,0x0000000798700000)
 ParOldGen       total 86016K, used 50887K [0x0000000740000000, 0x0000000745400000, 0x0000000795580000)
  object space 86016K, 59% used [0x0000000740000000,0x00000007431b1f78,0x0000000745400000)
 Metaspace       used 56114K, capacity 58258K, committed 58368K, reserved 1099776K
  class space    used 6978K, capacity 7314K, committed 7424K, reserved 1048576K
Event: 1054.620 GC heap after
Heap after GC invocations=35 (full 4):
 PSYoungGen      total 50688K, used 4272K [0x0000000795580000, 0x000000079a280000, 0x00000007c0000000)
  eden space 29696K, 0% used [0x0000000795580000,0x0000000795580000,0x0000000797280000)
  from space 20992K, 20% used [0x0000000797280000,0x00000007976ac080,0x0000000798700000)
  to   space 19968K, 0% used [0x0000000798f00000,0x0000000798f00000,0x000000079a280000)
 ParOldGen       total 86016K, used 53485K [0x0000000740000000, 0x0000000745400000, 0x0000000795580000)
  object space 86016K, 62% used [0x0000000740000000,0x000000074343b5d8,0x0000000745400000)
 Metaspace       used 56114K, capacity 58258K, committed 58368K, reserved 1099776K
  class space    used 6978K, capacity 7314K, committed 7424K, reserved 1048576K
}
Event: 1062.038 GC heap before
{Heap before GC invocations=36 (full 4):
 PSYoungGen      total 50688K, used 33968K [0x0000000795580000, 0x000000079a280000, 0x00000007c0000000)
  eden space 29696K, 100% used [0x0000000795580000,0x0000000797280000,0x0000000797280000)
  from space 20992K, 20% used [0x0000000797280000,0x00000007976ac080,0x0000000798700000)
  to   space 19968K, 0% used [0x0000000798f00000,0x0000000798f00000,0x000000079a280000)
 ParOldGen       total 86016K, used 53485K [0x0000000740000000, 0x0000000745400000, 0x0000000795580000)
  object space 86016K, 62% used [0x0000000740000000,0x000000074343b5d8,0x0000000745400000)
 Metaspace       used 56274K, capacity 58430K, committed 58624K, reserved 1099776K
  class space    used 6981K, capacity 7319K, committed 7424K, reserved 1048576K
Event: 1062.060 GC heap after
Heap after GC invocations=36 (full 4):
 PSYoungGen      total 37376K, used 6059K [0x0000000795580000, 0x0000000799700000, 0x00000007c0000000)
  eden space 29184K, 0% used [0x0000000795580000,0x0000000795580000,0x0000000797200000)
  from space 8192K, 73% used [0x0000000798f00000,0x00000007994eac28,0x0000000799700000)
  to   space 18944K, 0% used [0x0000000797200000,0x0000000797200000,0x0000000798480000)
 ParOldGen       total 86016K, used 60502K [0x0000000740000000, 0x0000000745400000, 0x0000000795580000)
  object space 86016K, 70% used [0x0000000740000000,0x0000000743b15850,0x0000000745400000)
 Metaspace       used 56274K, capacity 58430K, committed 58624K, reserved 1099776K
  class space    used 6981K, capacity 7319K, committed 7424K, reserved 1048576K
}
Event: 1077.047 GC heap before
{Heap before GC invocations=37 (full 4):
 PSYoungGen      total 37376K, used 35243K [0x0000000795580000, 0x0000000799700000, 0x00000007c0000000)
  eden space 29184K, 100% used [0x0000000795580000,0x0000000797200000,0x0000000797200000)
  from space 8192K, 73% used [0x0000000798f00000,0x00000007994eac28,0x0000000799700000)
  to   space 18944K, 0% used [0x0000000797200000,0x0000000797200000,0x0000000798480000)
 ParOldGen       total 86016K, used 60502K [0x0000000740000000, 0x0000000745400000, 0x0000000795580000)
  object space 86016K, 70% used [0x0000000740000000,0x0000000743b15850,0x0000000745400000)
 Metaspace       used 57544K, capacity 59720K, committed 59904K, reserved 1101824K
  class space    used 7206K, capacity 7560K, committed 7680K, reserved 1048576K
Event: 1077.062 GC heap after
Heap after GC invocations=37 (full 4):
 PSYoungGen      total 39424K, used 10606K [0x0000000795580000, 0x0000000799680000, 0x00000007c0000000)
  eden space 28672K, 0% used [0x0000000795580000,0x0000000795580000,0x0000000797180000)
  from space 10752K, 98% used [0x0000000797200000,0x0000000797c5bb40,0x0000000797c80000)
  to   space 18944K, 0% used [0x0000000798400000,0x0000000798400000,0x0000000799680000)
 ParOldGen       total 86016K, used 61987K [0x0000000740000000, 0x0000000745400000, 0x0000000795580000)
  object space 86016K, 72% used [0x0000000740000000,0x0000000743c88d68,0x0000000745400000)
 Metaspace       used 57544K, capacity 59720K, committed 59904K, reserved 1101824K
  class space    used 7206K, capacity 7560K, committed 7680K, reserved 1048576K
}

